# do {mips_test_compile.do}
# ** Warning: (vlib-34) Library already exists at "modelsim_lib/work".
# ** Warning: (vlib-34) Library already exists at "modelsim_lib/msim".
# ** Warning: (vlib-34) Library already exists at "modelsim_lib/msim/xil_defaultlib".
# Model Technology ModelSim SE-64 vmap 10.7 Lib Mapping Utility 2017.12 Dec  7 2017
# vmap xil_defaultlib modelsim_lib/msim/xil_defaultlib 
# Modifying modelsim.ini
# Model Technology ModelSim SE-64 vlog 10.7 Compiler 2017.12 Dec  7 2017
# Start time: 12:01:19 on Dec 14,2024
# vlog -incr -mfcu -work xil_defaultlib ../../../../lab8.srcs/sources_1/new/ALU.v ../../../../lab8.srcs/sources_1/new/ALU_DEC.v ../../../../lab8.srcs/sources_1/new/COMP.v ../../../../lab8.srcs/sources_1/new/DEC.v ../../../../lab8.srcs/sources_1/new/DM.v ../../../../lab8.srcs/sources_1/new/IM.v ../../../../lab8.srcs/sources_1/new/MUX2.v ../../../../lab8.srcs/sources_1/new/PC.v ../../../../lab8.srcs/sources_1/new/RF.v ../../../../lab8.srcs/sources_1/new/RM_DEC.v ../../../../lab8.srcs/sources_1/new/mips.v ../../../../lab8.srcs/sources_1/new/signextend.v ../../../../lab8.srcs/sim_1/new/mips_test.v 
# -- Skipping module ALU
# -- Skipping module ALU_DEC
# -- Skipping module COMP
# -- Skipping module DEC
# -- Skipping module DM
# -- Skipping module IM
# -- Skipping module MUX2
# -- Skipping module PC
# -- Skipping module RF
# -- Skipping module RM_DEC
# -- Skipping module mips
# -- Skipping module extend
# -- Skipping module mips_test
# 
# Top level modules:
# 	mips_test
# End time: 12:01:19 on Dec 14,2024, Elapsed time: 0:00:00
# Errors: 0, Warnings: 0
# Model Technology ModelSim SE-64 vlog 10.7 Compiler 2017.12 Dec  7 2017
# Start time: 12:01:20 on Dec 14,2024
# vlog -work xil_defaultlib glbl.v 
# -- Compiling module glbl
# 
# Top level modules:
# 	glbl
# End time: 12:01:20 on Dec 14,2024, Elapsed time: 0:00:00
# Errors: 0, Warnings: 0
