# //  ModelSim SE-64 10.7 Dec  7 2017
# //
# //  Copyright 1991-2017 Mentor Graphics Corporation
# //  All Rights Reserved.
# //
# //  ModelSim SE-64 and its associated documentation contain trade
# //  secrets and commercial or financial information that are the property of
# //  Mentor Graphics Corporation and are privileged, confidential,
# //  and exempt from disclosure under the Freedom of Information Act,
# //  5 U.S.C. Section 552. Furthermore, this information
# //  is prohibited from disclosure under the Trade Secrets Act,
# //  18 U.S.C. Section 1905.
# //
# do {mips_test_simulate.do}
# vsim -voptargs=""+acc"" -L xil_defaultlib -L unisims_ver -L unimacro_ver -L secureip -lib xil_defaultlib xil_defaultlib.mips_test xil_defaultlib.glbl 
# Start time: 12:01:27 on Dec 14,2024
# ** Note: (vsim-8009) Loading existing optimized design _opt
# Loading work.mips_test(fast)
# Loading work.mips(fast)
# Loading work.PC(fast)
# Loading work.IM(fast)
# Loading work.RF(fast)
# Loading work.ALU(fast)
# Loading work.DEC(fast)
# Loading work.RM_DEC(fast)
# Loading work.ALU_DEC(fast)
# Loading work.DM(fast)
# Loading work.COMP(fast)
# Loading work.extend(fast)
# Loading work.MUX2(fast)
# Loading work.MUX2(fast__1)
# Loading work.glbl(fast)
# 1
# 1
# .main_pane.wave.interior.cs.body.pw.wf
# .main_pane.structure.interior.cs.body.struct
# .main_pane.objects.interior.cs.body.tree
add wave -position insertpoint  \
sim:/mips_test/m1/rf/rf
add wave -position insertpoint  \
sim:/mips_test/m1/Instr
restart
# ** Note: (vsim-8009) Loading existing optimized design _opt
# Loading work.mips_test(fast)
# Loading work.mips(fast)
# Loading work.PC(fast)
# Loading work.IM(fast)
# Loading work.RF(fast)
# Loading work.ALU(fast)
# Loading work.DEC(fast)
# Loading work.RM_DEC(fast)
# Loading work.ALU_DEC(fast)
# Loading work.DM(fast)
# Loading work.COMP(fast)
# Loading work.extend(fast)
# Loading work.MUX2(fast)
# Loading work.MUX2(fast__1)
# Loading work.glbl(fast)
run
restart
# ** Note: (vsim-8009) Loading existing optimized design _opt
# Loading work.mips_test(fast)
# Loading work.mips(fast)
# Loading work.PC(fast)
# Loading work.IM(fast)
# Loading work.RF(fast)
# Loading work.ALU(fast)
# Loading work.DEC(fast)
# Loading work.RM_DEC(fast)
# Loading work.ALU_DEC(fast)
# Loading work.DM(fast)
# Loading work.COMP(fast)
# Loading work.extend(fast)
# Loading work.MUX2(fast)
# Loading work.MUX2(fast__1)
# Loading work.glbl(fast)
run
add wave -position insertpoint  \
sim:/mips_test/m1/dm/RAM
restart
# ** Note: (vsim-8009) Loading existing optimized design _opt
# Loading work.mips_test(fast)
# Loading work.mips(fast)
# Loading work.PC(fast)
# Loading work.IM(fast)
# Loading work.RF(fast)
# Loading work.ALU(fast)
# Loading work.DEC(fast)
# Loading work.RM_DEC(fast)
# Loading work.ALU_DEC(fast)
# Loading work.DM(fast)
# Loading work.COMP(fast)
# Loading work.extend(fast)
# Loading work.MUX2(fast)
# Loading work.MUX2(fast__1)
# Loading work.glbl(fast)
run
restart
# ** Note: (vsim-8009) Loading existing optimized design _opt
# Loading work.mips_test(fast)
# Loading work.mips(fast)
# Loading work.PC(fast)
# Loading work.IM(fast)
# Loading work.RF(fast)
# Loading work.ALU(fast)
# Loading work.DEC(fast)
# Loading work.RM_DEC(fast)
# Loading work.ALU_DEC(fast)
# Loading work.DM(fast)
# Loading work.COMP(fast)
# Loading work.extend(fast)
# Loading work.MUX2(fast)
# Loading work.MUX2(fast__1)
# Loading work.glbl(fast)
run
restart
# ** Note: (vsim-8009) Loading existing optimized design _opt
# Loading work.mips_test(fast)
# Loading work.mips(fast)
# Loading work.PC(fast)
# Loading work.IM(fast)
# Loading work.RF(fast)
# Loading work.ALU(fast)
# Loading work.DEC(fast)
# Loading work.RM_DEC(fast)
# Loading work.ALU_DEC(fast)
# Loading work.DM(fast)
# Loading work.COMP(fast)
# Loading work.extend(fast)
# Loading work.MUX2(fast)
# Loading work.MUX2(fast__1)
# Loading work.glbl(fast)
run
restart
# ** Note: (vsim-8009) Loading existing optimized design _opt
# Loading work.mips_test(fast)
# Loading work.mips(fast)
# Loading work.PC(fast)
# Loading work.IM(fast)
# Loading work.RF(fast)
# Loading work.ALU(fast)
# Loading work.DEC(fast)
# Loading work.RM_DEC(fast)
# Loading work.ALU_DEC(fast)
# Loading work.DM(fast)
# Loading work.COMP(fast)
# Loading work.extend(fast)
# Loading work.MUX2(fast)
# Loading work.MUX2(fast__1)
# Loading work.glbl(fast)
run
restart
# ** Note: (vsim-8009) Loading existing optimized design _opt
# Loading work.mips_test(fast)
# Loading work.mips(fast)
# Loading work.PC(fast)
# Loading work.IM(fast)
# Loading work.RF(fast)
# Loading work.ALU(fast)
# Loading work.DEC(fast)
# Loading work.RM_DEC(fast)
# Loading work.ALU_DEC(fast)
# Loading work.DM(fast)
# Loading work.COMP(fast)
# Loading work.extend(fast)
# Loading work.MUX2(fast)
# Loading work.MUX2(fast__1)
# Loading work.glbl(fast)
run
restart
# ** Note: (vsim-8009) Loading existing optimized design _opt
# Loading work.mips_test(fast)
# Loading work.mips(fast)
# Loading work.PC(fast)
# Loading work.IM(fast)
# Loading work.RF(fast)
# Loading work.ALU(fast)
# Loading work.DEC(fast)
# Loading work.RM_DEC(fast)
# Loading work.ALU_DEC(fast)
# Loading work.DM(fast)
# Loading work.COMP(fast)
# Loading work.extend(fast)
# Loading work.MUX2(fast)
# Loading work.MUX2(fast__1)
# Loading work.glbl(fast)
run
restart
# ** Note: (vsim-8009) Loading existing optimized design _opt
# Loading work.mips_test(fast)
# Loading work.mips(fast)
# Loading work.PC(fast)
# Loading work.IM(fast)
# Loading work.RF(fast)
# Loading work.ALU(fast)
# Loading work.DEC(fast)
# Loading work.RM_DEC(fast)
# Loading work.ALU_DEC(fast)
# Loading work.DM(fast)
# Loading work.COMP(fast)
# Loading work.extend(fast)
# Loading work.MUX2(fast)
# Loading work.MUX2(fast__1)
# Loading work.glbl(fast)
run
restart
# ** Note: (vsim-8009) Loading existing optimized design _opt
# Loading work.mips_test(fast)
# Loading work.mips(fast)
# Loading work.PC(fast)
# Loading work.IM(fast)
# Loading work.RF(fast)
# Loading work.ALU(fast)
# Loading work.DEC(fast)
# Loading work.RM_DEC(fast)
# Loading work.ALU_DEC(fast)
# Loading work.DM(fast)
# Loading work.COMP(fast)
# Loading work.extend(fast)
# Loading work.MUX2(fast)
# Loading work.MUX2(fast__1)
# Loading work.glbl(fast)
run
# End time: 13:52:26 on Dec 14,2024, Elapsed time: 1:50:59
# Errors: 0, Warnings: 0
